1762971518.715678 client started (204): version 3.4, socket /tmp/tmux-0/default, protocol 8
1762971518.715802 on Linux 4.4.0-20348-Microsoft #2849-Microsoft Thu Nov 01 17:32:00 PST 2024
1762971518.715834 using libevent 2.1.12-stable poll
1762971518.715855 using ncurses 6.4 20240113
1762971518.715904 flags are 0x10010000
1762971518.715938 socket is /tmp/tmux-0/default
1762971518.715970 trying connect
1762971518.716286 add peer 0x7fffd95ecbd0: 6 ((nil))
1762971518.717924 sending message 100 to peer 0x7fffd95ecbd0 (4 bytes)
1762971518.717990 sending message 111 to peer 0x7fffd95ecbd0 (8 bytes)
1762971518.719103 sending message 101 to peer 0x7fffd95ecbd0 (14 bytes)
1762971518.719130 sending message 109 to peer 0x7fffd95ecbd0 (4 bytes)
1762971518.719142 sending message 102 to peer 0x7fffd95ecbd0 (11 bytes)
1762971518.719152 sending message 108 to peer 0x7fffd95ecbd0 (67 bytes)
1762971518.719163 sending message 112 to peer 0x7fffd95ecbd0 (70 bytes)
1762971518.719174 sending message 112 to peer 0x7fffd95ecbd0 (5 bytes)
1762971518.719184 sending message 112 to peer 0x7fffd95ecbd0 (5 bytes)
1762971518.719196 sending message 112 to peer 0x7fffd95ecbd0 (6 bytes)
1762971518.719206 sending message 112 to peer 0x7fffd95ecbd0 (6 bytes)
1762971518.719216 sending message 112 to peer 0x7fffd95ecbd0 (11 bytes)
1762971518.719226 sending message 112 to peer 0x7fffd95ecbd0 (10 bytes)
1762971518.719236 sending message 112 to peer 0x7fffd95ecbd0 (13 bytes)
1762971518.719246 sending message 112 to peer 0x7fffd95ecbd0 (13 bytes)
1762971518.719256 sending message 112 to peer 0x7fffd95ecbd0 (18 bytes)
1762971518.719266 sending message 112 to peer 0x7fffd95ecbd0 (11 bytes)
1762971518.719276 sending message 112 to peer 0x7fffd95ecbd0 (10 bytes)
1762971518.719286 sending message 112 to peer 0x7fffd95ecbd0 (15 bytes)
1762971518.719296 sending message 112 to peer 0x7fffd95ecbd0 (21 bytes)
1762971518.719305 sending message 112 to peer 0x7fffd95ecbd0 (13 bytes)
1762971518.719317 sending message 112 to peer 0x7fffd95ecbd0 (7 bytes)
1762971518.719326 sending message 112 to peer 0x7fffd95ecbd0 (13 bytes)
1762971518.719336 sending message 112 to peer 0x7fffd95ecbd0 (7 bytes)
1762971518.719346 sending message 112 to peer 0x7fffd95ecbd0 (13 bytes)
1762971518.719355 sending message 112 to peer 0x7fffd95ecbd0 (9 bytes)
1762971518.719365 sending message 112 to peer 0x7fffd95ecbd0 (21 bytes)
1762971518.719376 sending message 112 to peer 0x7fffd95ecbd0 (13 bytes)
1762971518.719386 sending message 112 to peer 0x7fffd95ecbd0 (8 bytes)
1762971518.719395 sending message 112 to peer 0x7fffd95ecbd0 (12 bytes)
1762971518.719405 sending message 112 to peer 0x7fffd95ecbd0 (13 bytes)
1762971518.719415 sending message 112 to peer 0x7fffd95ecbd0 (9 bytes)
1762971518.719425 sending message 112 to peer 0x7fffd95ecbd0 (9 bytes)
1762971518.719434 sending message 112 to peer 0x7fffd95ecbd0 (12 bytes)
1762971518.719444 sending message 112 to peer 0x7fffd95ecbd0 (8 bytes)
1762971518.719454 sending message 112 to peer 0x7fffd95ecbd0 (8 bytes)
1762971518.719464 sending message 112 to peer 0x7fffd95ecbd0 (7 bytes)
1762971518.719474 sending message 112 to peer 0x7fffd95ecbd0 (7 bytes)
1762971518.719484 sending message 112 to peer 0x7fffd95ecbd0 (9 bytes)
1762971518.719494 sending message 112 to peer 0x7fffd95ecbd0 (13 bytes)
1762971518.719503 sending message 112 to peer 0x7fffd95ecbd0 (6 bytes)
1762971518.719513 sending message 112 to peer 0x7fffd95ecbd0 (9 bytes)
1762971518.719523 sending message 112 to peer 0x7fffd95ecbd0 (15 bytes)
1762971518.719533 sending message 112 to peer 0x7fffd95ecbd0 (13 bytes)
1762971518.719543 sending message 112 to peer 0x7fffd95ecbd0 (12 bytes)
1762971518.719553 sending message 112 to peer 0x7fffd95ecbd0 (8 bytes)
1762971518.719562 sending message 112 to peer 0x7fffd95ecbd0 (14 bytes)
1762971518.719572 sending message 112 to peer 0x7fffd95ecbd0 (11 bytes)
1762971518.719592 sending message 112 to peer 0x7fffd95ecbd0 (9 bytes)
1762971518.719607 sending message 112 to peer 0x7fffd95ecbd0 (10 bytes)
1762971518.719620 sending message 112 to peer 0x7fffd95ecbd0 (10 bytes)
1762971518.719698 sending message 112 to peer 0x7fffd95ecbd0 (10 bytes)
1762971518.719712 sending message 112 to peer 0x7fffd95ecbd0 (10 bytes)
1762971518.719722 sending message 112 to peer 0x7fffd95ecbd0 (11 bytes)
1762971518.719732 sending message 112 to peer 0x7fffd95ecbd0 (12 bytes)
1762971518.719742 sending message 112 to peer 0x7fffd95ecbd0 (12 bytes)
1762971518.719752 sending message 112 to peer 0x7fffd95ecbd0 (12 bytes)
1762971518.719762 sending message 112 to peer 0x7fffd95ecbd0 (12 bytes)
1762971518.719772 sending message 112 to peer 0x7fffd95ecbd0 (12 bytes)
1762971518.719782 sending message 112 to peer 0x7fffd95ecbd0 (11 bytes)
1762971518.719791 sending message 112 to peer 0x7fffd95ecbd0 (11 bytes)
1762971518.719801 sending message 112 to peer 0x7fffd95ecbd0 (12 bytes)
1762971518.719812 sending message 112 to peer 0x7fffd95ecbd0 (12 bytes)
1762971518.719821 sending message 112 to peer 0x7fffd95ecbd0 (12 bytes)
1762971518.719831 sending message 112 to peer 0x7fffd95ecbd0 (12 bytes)
1762971518.719841 sending message 112 to peer 0x7fffd95ecbd0 (12 bytes)
1762971518.719850 sending message 112 to peer 0x7fffd95ecbd0 (10 bytes)
1762971518.719860 sending message 112 to peer 0x7fffd95ecbd0 (12 bytes)
1762971518.719870 sending message 112 to peer 0x7fffd95ecbd0 (13 bytes)
1762971518.719880 sending message 112 to peer 0x7fffd95ecbd0 (13 bytes)
1762971518.719889 sending message 112 to peer 0x7fffd95ecbd0 (13 bytes)
1762971518.719909 sending message 112 to peer 0x7fffd95ecbd0 (13 bytes)
1762971518.719919 sending message 112 to peer 0x7fffd95ecbd0 (13 bytes)
1762971518.719929 sending message 112 to peer 0x7fffd95ecbd0 (8 bytes)
1762971518.719939 sending message 112 to peer 0x7fffd95ecbd0 (11 bytes)
1762971518.719949 sending message 112 to peer 0x7fffd95ecbd0 (11 bytes)
1762971518.719959 sending message 112 to peer 0x7fffd95ecbd0 (11 bytes)
1762971518.719968 sending message 112 to peer 0x7fffd95ecbd0 (12 bytes)
1762971518.719979 sending message 112 to peer 0x7fffd95ecbd0 (12 bytes)
1762971518.719989 sending message 112 to peer 0x7fffd95ecbd0 (12 bytes)
1762971518.719998 sending message 112 to peer 0x7fffd95ecbd0 (12 bytes)
1762971518.720008 sending message 112 to peer 0x7fffd95ecbd0 (13 bytes)
1762971518.720018 sending message 112 to peer 0x7fffd95ecbd0 (13 bytes)
1762971518.720028 sending message 112 to peer 0x7fffd95ecbd0 (13 bytes)
1762971518.720038 sending message 112 to peer 0x7fffd95ecbd0 (8 bytes)
1762971518.720050 sending message 112 to peer 0x7fffd95ecbd0 (13 bytes)
1762971518.720060 sending message 112 to peer 0x7fffd95ecbd0 (13 bytes)
1762971518.720070 sending message 112 to peer 0x7fffd95ecbd0 (13 bytes)
1762971518.720080 sending message 112 to peer 0x7fffd95ecbd0 (13 bytes)
1762971518.720090 sending message 112 to peer 0x7fffd95ecbd0 (13 bytes)
1762971518.720100 sending message 112 to peer 0x7fffd95ecbd0 (12 bytes)
1762971518.720110 sending message 112 to peer 0x7fffd95ecbd0 (12 bytes)
1762971518.720120 sending message 112 to peer 0x7fffd95ecbd0 (12 bytes)
1762971518.720130 sending message 112 to peer 0x7fffd95ecbd0 (12 bytes)
1762971518.720140 sending message 112 to peer 0x7fffd95ecbd0 (13 bytes)
1762971518.720150 sending message 112 to peer 0x7fffd95ecbd0 (8 bytes)
1762971518.720160 sending message 112 to peer 0x7fffd95ecbd0 (13 bytes)
1762971518.720170 sending message 112 to peer 0x7fffd95ecbd0 (13 bytes)
1762971518.720180 sending message 112 to peer 0x7fffd95ecbd0 (13 bytes)
1762971518.720190 sending message 112 to peer 0x7fffd95ecbd0 (13 bytes)
1762971518.720200 sending message 112 to peer 0x7fffd95ecbd0 (13 bytes)
1762971518.720211 sending message 112 to peer 0x7fffd95ecbd0 (13 bytes)
1762971518.720221 sending message 112 to peer 0x7fffd95ecbd0 (13 bytes)
1762971518.720231 sending message 112 to peer 0x7fffd95ecbd0 (12 bytes)
1762971518.720240 sending message 112 to peer 0x7fffd95ecbd0 (12 bytes)
1762971518.720250 sending message 112 to peer 0x7fffd95ecbd0 (12 bytes)
1762971518.720260 sending message 112 to peer 0x7fffd95ecbd0 (8 bytes)
1762971518.720270 sending message 112 to peer 0x7fffd95ecbd0 (12 bytes)
1762971518.720318 sending message 112 to peer 0x7fffd95ecbd0 (13 bytes)
1762971518.720330 sending message 112 to peer 0x7fffd95ecbd0 (13 bytes)
1762971518.720340 sending message 112 to peer 0x7fffd95ecbd0 (13 bytes)
1762971518.720351 sending message 112 to peer 0x7fffd95ecbd0 (13 bytes)
1762971518.720361 sending message 112 to peer 0x7fffd95ecbd0 (13 bytes)
1762971518.720371 sending message 112 to peer 0x7fffd95ecbd0 (13 bytes)
1762971518.720381 sending message 112 to peer 0x7fffd95ecbd0 (13 bytes)
1762971518.720391 sending message 112 to peer 0x7fffd95ecbd0 (13 bytes)
1762971518.720401 sending message 112 to peer 0x7fffd95ecbd0 (12 bytes)
1762971518.720411 sending message 112 to peer 0x7fffd95ecbd0 (10 bytes)
1762971518.720421 sending message 112 to peer 0x7fffd95ecbd0 (12 bytes)
1762971518.720431 sending message 112 to peer 0x7fffd95ecbd0 (12 bytes)
1762971518.720441 sending message 112 to peer 0x7fffd95ecbd0 (12 bytes)
1762971518.720451 sending message 112 to peer 0x7fffd95ecbd0 (13 bytes)
1762971518.720461 sending message 112 to peer 0x7fffd95ecbd0 (13 bytes)
1762971518.720471 sending message 112 to peer 0x7fffd95ecbd0 (13 bytes)
1762971518.720481 sending message 112 to peer 0x7fffd95ecbd0 (13 bytes)
1762971518.720491 sending message 112 to peer 0x7fffd95ecbd0 (13 bytes)
1762971518.720501 sending message 112 to peer 0x7fffd95ecbd0 (13 bytes)
1762971518.720512 sending message 112 to peer 0x7fffd95ecbd0 (13 bytes)
1762971518.720521 sending message 112 to peer 0x7fffd95ecbd0 (10 bytes)
1762971518.720532 sending message 112 to peer 0x7fffd95ecbd0 (13 bytes)
1762971518.720542 sending message 112 to peer 0x7fffd95ecbd0 (12 bytes)
1762971518.720552 sending message 112 to peer 0x7fffd95ecbd0 (12 bytes)
1762971518.720562 sending message 112 to peer 0x7fffd95ecbd0 (12 bytes)
1762971518.720572 sending message 112 to peer 0x7fffd95ecbd0 (10 bytes)
1762971518.720582 sending message 112 to peer 0x7fffd95ecbd0 (10 bytes)
1762971518.720592 sending message 112 to peer 0x7fffd95ecbd0 (10 bytes)
1762971518.720602 sending message 112 to peer 0x7fffd95ecbd0 (12 bytes)
1762971518.720612 sending message 112 to peer 0x7fffd95ecbd0 (13 bytes)
1762971518.720622 sending message 112 to peer 0x7fffd95ecbd0 (13 bytes)
1762971518.720632 sending message 112 to peer 0x7fffd95ecbd0 (13 bytes)
1762971518.720648 sending message 112 to peer 0x7fffd95ecbd0 (13 bytes)
1762971518.720663 sending message 112 to peer 0x7fffd95ecbd0 (13 bytes)
1762971518.720673 sending message 112 to peer 0x7fffd95ecbd0 (11 bytes)
1762971518.720683 sending message 112 to peer 0x7fffd95ecbd0 (11 bytes)
1762971518.720692 sending message 112 to peer 0x7fffd95ecbd0 (12 bytes)
1762971518.720702 sending message 112 to peer 0x7fffd95ecbd0 (12 bytes)
1762971518.720712 sending message 112 to peer 0x7fffd95ecbd0 (12 bytes)
1762971518.720722 sending message 112 to peer 0x7fffd95ecbd0 (12 bytes)
1762971518.720732 sending message 112 to peer 0x7fffd95ecbd0 (12 bytes)
1762971518.720742 sending message 112 to peer 0x7fffd95ecbd0 (11 bytes)
1762971518.720752 sending message 112 to peer 0x7fffd95ecbd0 (12 bytes)
1762971518.720762 sending message 112 to peer 0x7fffd95ecbd0 (12 bytes)
1762971518.720771 sending message 112 to peer 0x7fffd95ecbd0 (13 bytes)
1762971518.720781 sending message 112 to peer 0x7fffd95ecbd0 (13 bytes)
1762971518.720791 sending message 112 to peer 0x7fffd95ecbd0 (13 bytes)
1762971518.720801 sending message 112 to peer 0x7fffd95ecbd0 (13 bytes)
1762971518.720810 sending message 112 to peer 0x7fffd95ecbd0 (13 bytes)
1762971518.720820 sending message 112 to peer 0x7fffd95ecbd0 (10 bytes)
1762971518.720830 sending message 112 to peer 0x7fffd95ecbd0 (9 bytes)
1762971518.720839 sending message 112 to peer 0x7fffd95ecbd0 (12 bytes)
1762971518.720849 sending message 112 to peer 0x7fffd95ecbd0 (13 bytes)
1762971518.720858 sending message 112 to peer 0x7fffd95ecbd0 (13 bytes)
1762971518.720868 sending message 112 to peer 0x7fffd95ecbd0 (13 bytes)
1762971518.720878 sending message 112 to peer 0x7fffd95ecbd0 (13 bytes)
1762971518.720888 sending message 112 to peer 0x7fffd95ecbd0 (13 bytes)
1762971518.720899 sending message 112 to peer 0x7fffd95ecbd0 (9 bytes)
1762971518.720910 sending message 112 to peer 0x7fffd95ecbd0 (12 bytes)
1762971518.720920 sending message 112 to peer 0x7fffd95ecbd0 (13 bytes)
1762971518.720930 sending message 112 to peer 0x7fffd95ecbd0 (13 bytes)
1762971518.720940 sending message 112 to peer 0x7fffd95ecbd0 (13 bytes)
1762971518.720949 sending message 112 to peer 0x7fffd95ecbd0 (13 bytes)
1762971518.720960 sending message 112 to peer 0x7fffd95ecbd0 (13 bytes)
1762971518.720970 sending message 112 to peer 0x7fffd95ecbd0 (11 bytes)
1762971518.720979 sending message 112 to peer 0x7fffd95ecbd0 (12 bytes)
1762971518.720989 sending message 112 to peer 0x7fffd95ecbd0 (13 bytes)
1762971518.720999 sending message 112 to peer 0x7fffd95ecbd0 (13 bytes)
1762971518.721008 sending message 112 to peer 0x7fffd95ecbd0 (13 bytes)
1762971518.721018 sending message 112 to peer 0x7fffd95ecbd0 (13 bytes)
1762971518.721028 sending message 112 to peer 0x7fffd95ecbd0 (13 bytes)
1762971518.721038 sending message 112 to peer 0x7fffd95ecbd0 (11 bytes)
1762971518.721048 sending message 112 to peer 0x7fffd95ecbd0 (12 bytes)
1762971518.721057 sending message 112 to peer 0x7fffd95ecbd0 (12 bytes)
1762971518.721067 sending message 112 to peer 0x7fffd95ecbd0 (12 bytes)
1762971518.721077 sending message 112 to peer 0x7fffd95ecbd0 (12 bytes)
1762971518.721087 sending message 112 to peer 0x7fffd95ecbd0 (12 bytes)
1762971518.721097 sending message 112 to peer 0x7fffd95ecbd0 (21 bytes)
1762971518.721107 sending message 112 to peer 0x7fffd95ecbd0 (12 bytes)
1762971518.721117 sending message 112 to peer 0x7fffd95ecbd0 (9 bytes)
1762971518.721127 sending message 112 to peer 0x7fffd95ecbd0 (6 bytes)
1762971518.721137 sending message 112 to peer 0x7fffd95ecbd0 (13 bytes)
1762971518.721147 sending message 112 to peer 0x7fffd95ecbd0 (8 bytes)
1762971518.721157 sending message 112 to peer 0x7fffd95ecbd0 (15 bytes)
1762971518.721167 sending message 112 to peer 0x7fffd95ecbd0 (13 bytes)
1762971518.721177 sending message 112 to peer 0x7fffd95ecbd0 (9 bytes)
1762971518.721187 sending message 112 to peer 0x7fffd95ecbd0 (70 bytes)
1762971518.721197 sending message 112 to peer 0x7fffd95ecbd0 (69 bytes)
1762971518.721207 sending message 112 to peer 0x7fffd95ecbd0 (10 bytes)
1762971518.721216 sending message 112 to peer 0x7fffd95ecbd0 (10 bytes)
1762971518.721226 sending message 112 to peer 0x7fffd95ecbd0 (8 bytes)
1762971518.721236 sending message 112 to peer 0x7fffd95ecbd0 (15 bytes)
1762971518.721245 sending message 112 to peer 0x7fffd95ecbd0 (13 bytes)
1762971518.721256 sending message 112 to peer 0x7fffd95ecbd0 (10 bytes)
1762971518.721318 sending message 112 to peer 0x7fffd95ecbd0 (10 bytes)
1762971518.721336 sending message 112 to peer 0x7fffd95ecbd0 (17 bytes)
1762971518.721351 sending message 112 to peer 0x7fffd95ecbd0 (10 bytes)
1762971518.721363 sending message 112 to peer 0x7fffd95ecbd0 (13 bytes)
1762971518.721373 sending message 112 to peer 0x7fffd95ecbd0 (9 bytes)
1762971518.721384 sending message 112 to peer 0x7fffd95ecbd0 (5 bytes)
1762971518.721394 sending message 112 to peer 0x7fffd95ecbd0 (15 bytes)
1762971518.721410 sending message 104 to peer 0x7fffd95ecbd0 (0 bytes)
1762971518.721422 sending message 110 to peer 0x7fffd95ecbd0 (0 bytes)
1762971518.721433 sending message 107 to peer 0x7fffd95ecbd0 (4 bytes)
1762971518.721443 sending message 105 to peer 0x7fffd95ecbd0 (16 bytes)
1762971518.721454 sending message 105 to peer 0x7fffd95ecbd0 (25 bytes)
1762971518.721464 sending message 105 to peer 0x7fffd95ecbd0 (23 bytes)
1762971518.721474 sending message 105 to peer 0x7fffd95ecbd0 (37 bytes)
1762971518.721484 sending message 105 to peer 0x7fffd95ecbd0 (30 bytes)
1762971518.721494 sending message 105 to peer 0x7fffd95ecbd0 (21 bytes)
1762971518.721504 sending message 105 to peer 0x7fffd95ecbd0 (71 bytes)
1762971518.721514 sending message 105 to peer 0x7fffd95ecbd0 (13 bytes)
1762971518.721524 sending message 105 to peer 0x7fffd95ecbd0 (11 bytes)
1762971518.721534 sending message 105 to peer 0x7fffd95ecbd0 (13 bytes)
1762971518.721600 sending message 105 to peer 0x7fffd95ecbd0 (31 bytes)
1762971518.721617 sending message 105 to peer 0x7fffd95ecbd0 (19 bytes)
1762971518.721627 sending message 105 to peer 0x7fffd95ecbd0 (34 bytes)
1762971518.721637 sending message 105 to peer 0x7fffd95ecbd0 (19 bytes)
1762971518.721647 sending message 105 to peer 0x7fffd95ecbd0 (32 bytes)
1762971518.721657 sending message 105 to peer 0x7fffd95ecbd0 (10 bytes)
1762971518.721668 sending message 105 to peer 0x7fffd95ecbd0 (13 bytes)
1762971518.721679 sending message 105 to peer 0x7fffd95ecbd0 (8 bytes)
1762971518.721689 sending message 105 to peer 0x7fffd95ecbd0 (8 bytes)
1762971518.721698 sending message 105 to peer 0x7fffd95ecbd0 (65 bytes)
1762971518.721708 sending message 105 to peer 0x7fffd95ecbd0 (1021 bytes)
1762971518.721732 sending message 105 to peer 0x7fffd95ecbd0 (16 bytes)
1762971518.721742 sending message 105 to peer 0x7fffd95ecbd0 (18 bytes)
1762971518.721752 sending message 105 to peer 0x7fffd95ecbd0 (16 bytes)
1762971518.721762 sending message 106 to peer 0x7fffd95ecbd0 (0 bytes)
1762971518.722027 sending message 200 to peer 0x7fffd95ecbd0 (4 bytes)
1762971518.722043 client loop enter
1762971518.722634 peer 0x7fffd95ecbd0 message 303
1762971518.722663 open write file 2 -
1762971518.722707 sending message 305 to peer 0x7fffd95ecbd0 (8 bytes)
1762971518.722738 write check file 2
1762971518.722911 peer 0x7fffd95ecbd0 message 304
1762971518.722929 write 58 to file 2
1762971518.722947 peer 0x7fffd95ecbd0 message 203
1762971518.722957 file 2 58 bytes left
1762971518.723002 write check file 2
1762971518.723013 client loop exit
